producer_class	xtools.gsea.GseaPreranked
producer_timestamp	1679891514525
param	rpt_label	bader_lapgeneset
param	rnd_seed	timestamp
param	set_min	15
param	zip_report	false
param	create_svgs	false
param	scoring_scheme	weighted
param	rnk	/Users/mac/Desktop/BCB420/A3_MetyuMelkonyan/data/logarithmic_genelist.rnk
param	norm	meandiv
param	out	/Users/mac/Desktop/BCB420/A3_MetyuMelkonyan
param	mode	Abs_max_of_probes
param	include_only_symbols	true
param	help	false
param	set_max	200
param	gmx	/Users/mac/Desktop/BCB420/A3_MetyuMelkonyan/Human_GOBP_AllPathways_no_GO_iea_March_01_2021_symbol.gmt
param	make_sets	true
param	plot_top_x	20
param	gui	false
param	nperm	1000
param	collapse	No_Collapse

file	/Users/mac/Desktop/BCB420/A3_MetyuMelkonyan/bader_lapgeneset.GseaPreranked.1679891514525/index.html
