producer_class	xtools.gsea.GseaPreranked
producer_timestamp	1679850452013
param	rpt_label	c2_Reactome_preranked
param	rnd_seed	timestamp
param	set_min	15
param	zip_report	false
param	create_svgs	false
param	scoring_scheme	weighted
param	rnk	/Users/mac/Desktop/BCB420/A2_MetyuMelkonyan/data/logarithmic_genelist.rnk.txt
param	norm	meandiv
param	out	/Users/mac/Desktop/BCB420/A3_MetyuMelkonyan
param	mode	Abs_max_of_probes
param	include_only_symbols	true
param	help	false
param	set_max	200
param	gmx	ftp.broadinstitute.org://pub/gsea/msigdb/human/gene_sets/c2.cp.reactome.v2023.1.Hs.symbols.gmt
param	make_sets	true
param	plot_top_x	20
param	gui	false
param	nperm	1000
param	collapse	No_Collapse

file	/Users/mac/Desktop/BCB420/A3_MetyuMelkonyan/c2_Reactome_preranked.GseaPreranked.1679850452013/index.html
